[2025-05-30 10:45:35] INFO: Servidor backend corriendo en http://localhost:3001
[2025-05-30 10:45:36] INFO: Sesiones activas cargadas correctamente.
[2025-05-30 10:46:12] INFO: GET /api/campanias 304 - 7ms
[2025-05-30 10:46:12] INFO: GET /api/campanias 304 - 4ms
[2025-05-30 10:53:20] INFO: Servidor backend corriendo en http://localhost:3001
[2025-05-30 10:53:20] INFO: Sesiones activas cargadas correctamente.
[2025-05-30 10:53:28] INFO: GET /api/campanias 304 - 6ms
[2025-05-30 10:53:28] INFO: GET /api/campanias 304 - 3ms
[2025-05-30 10:53:33] INFO: GET /api/status 304 - 1ms
[2025-05-30 10:53:33] INFO: GET /api/status 304 - 0ms
[2025-05-30 10:53:37] INFO: GET /api/campanias 304 - 3ms
[2025-05-30 10:53:37] INFO: GET /api/campanias 304 - 4ms
[2025-05-30 10:53:39] INFO: GET /api/reports 304 - 4ms
[2025-05-30 10:53:39] INFO: GET /api/reports 304 - 5ms
[2025-05-30 10:53:45] INFO: GET /api/status 304 - 0ms
[2025-05-30 10:53:45] INFO: GET /api/status 304 - 1ms
[2025-05-30 10:53:56] INFO: QR generado para session-1748613227804
[2025-05-30 10:53:56] INFO: GET /api/conectar 200 - 9186ms
[2025-05-30 10:53:59] INFO: GET /api/status/session-1748613227804 200 - 1ms
[2025-05-30 10:54:01] INFO: GET /api/status/session-1748613227804 304 - 1ms
[2025-05-30 10:54:03] INFO: GET /api/status/session-1748613227804 304 - 1ms
[2025-05-30 10:54:05] INFO: GET /api/status/session-1748613227804 304 - 1ms
[2025-05-30 10:54:07] INFO: GET /api/status/session-1748613227804 304 - 1ms
[2025-05-30 10:54:09] INFO: GET /api/status/session-1748613227804 304 - 1ms
[2025-05-30 10:54:11] INFO: GET /api/status/session-1748613227804 304 - 2ms
[2025-05-30 10:54:13] INFO: GET /api/status/session-1748613227804 304 - 1ms
[2025-05-30 10:54:15] INFO: GET /api/status/session-1748613227804 304 - 0ms
[2025-05-30 10:54:17] INFO: GET /api/status/session-1748613227804 304 - 1ms
[2025-05-30 10:54:19] INFO: GET /api/status/session-1748613227804 304 - 0ms
[2025-05-30 10:54:19] INFO: Sesión session-1748613227804 conectada como 5491155775452
[2025-05-30 10:54:21] INFO: GET /api/status/session-1748613227804 200 - 1ms
[2025-05-30 10:54:25] INFO: GET /api/status 200 - 1ms
[2025-05-30 10:54:25] INFO: GET /api/status 304 - 1ms
[2025-05-30 10:54:30] INFO: GET /api/campanias 304 - 3ms
[2025-05-30 10:54:30] INFO: GET /api/campanias 304 - 3ms
[2025-05-30 10:54:42] INFO: CSV procesado: 2 contactos guardados.
[2025-05-30 10:54:42] INFO: Archivo CSV eliminado: uploads\1748613282843-contactos.csv
[2025-05-30 10:54:42] INFO: POST /api/upload-csv 200 - 42ms
[2025-05-30 10:54:42] INFO: GET /api/campanias 200 - 3ms
[2025-05-30 10:54:47] INFO: GET /api/status 304 - 1ms
[2025-05-30 10:54:47] INFO: GET /api/status 304 - 1ms
[2025-05-30 10:54:54] INFO: Campaña 18 finalizada. Mensajes enviados: 2/2
[2025-05-30 10:54:54] INFO: POST /api/send-messages 200 - 3363ms
[2025-05-30 10:55:09] INFO: GET /api/campanias 200 - 3ms
[2025-05-30 10:55:38] INFO: GET /api/status 304 - 1ms
[2025-05-30 10:55:38] INFO: GET /api/status 304 - 1ms
[2025-05-30 10:55:42] INFO: Todas las sesiones eliminadas.
[2025-05-30 10:55:42] INFO: DELETE /api/sessions/clear 200 - 9ms
[2025-05-30 10:55:42] INFO: GET /api/status 200 - 1ms
[2025-05-30 10:55:55] INFO: QR generado para session-1748613348184
[2025-05-30 10:55:55] INFO: GET /api/conectar 200 - 7559ms
[2025-05-30 10:55:57] INFO: GET /api/status/session-1748613348184 200 - 1ms
[2025-05-30 10:55:58] ERROR: Error al actualizar desconexión de session-1748613227804: Cannot set properties of undefined (setting 'estado')
[2025-05-30 10:55:59] INFO: GET /api/status/session-1748613348184 304 - 1ms
[2025-05-30 10:56:01] INFO: GET /api/status/session-1748613348184 304 - 0ms
[2025-05-30 10:56:03] INFO: GET /api/status/session-1748613348184 304 - 0ms
[2025-05-30 10:56:05] INFO: GET /api/status/session-1748613348184 304 - 1ms
[2025-05-30 10:56:07] INFO: GET /api/status/session-1748613348184 304 - 1ms
[2025-05-30 10:56:10] INFO: GET /api/status/session-1748613348184 304 - 1ms
[2025-05-30 10:56:12] INFO: GET /api/status/session-1748613348184 304 - 0ms
[2025-05-30 10:56:13] INFO: Sesión session-1748613348184 conectada como 5491155775452
[2025-05-30 10:56:14] INFO: GET /api/status/session-1748613348184 200 - 1ms
[2025-05-30 10:56:18] INFO: GET /api/status 200 - 0ms
[2025-05-30 10:56:18] INFO: GET /api/status 304 - 1ms
[2025-05-30 10:56:23] INFO: GET /api/campanias 304 - 3ms
[2025-05-30 10:56:23] INFO: GET /api/campanias 304 - 4ms
[2025-05-30 10:56:25] INFO: GET /api/reports 200 - 4ms
[2025-05-30 10:56:25] INFO: GET /api/reports 304 - 4ms
[2025-05-30 11:04:06] INFO: Servidor backend corriendo en http://localhost:3001
[2025-05-30 11:04:10] INFO: GET /api/campanias 304 - 5ms
[2025-05-30 11:04:10] INFO: GET /api/campanias 304 - 3ms
[2025-05-30 11:04:13] INFO: Reportes consultados (2) para campaña ID 11.
[2025-05-30 11:04:13] INFO: GET /api/reports?campa%C3%B1aId=11 200 - 5ms
[2025-05-30 11:04:16] INFO: Sesiones activas cargadas correctamente.
[2025-05-30 11:48:34] INFO: GET /api/status 200 - 1ms
[2025-05-30 11:48:34] INFO: GET /api/status 304 - 1ms
[2025-05-30 11:48:37] INFO: GET /api/campanias 304 - 3ms
[2025-05-30 11:48:37] INFO: GET /api/campanias 304 - 2ms
[2025-05-30 11:48:38] INFO: GET /api/campanias 304 - 4ms
[2025-05-30 11:48:38] INFO: GET /api/campanias 304 - 3ms
[2025-05-30 11:48:52] INFO: Reportes consultados (6) para campaña ID 1.
[2025-05-30 11:48:52] INFO: GET /api/reports?campa%C3%B1aId=1 200 - 3ms
[2025-05-30 11:50:54] INFO: GET /api/campanias 304 - 4ms
[2025-05-30 11:51:04] INFO: Reportes consultados (2) para campaña ID 15.
[2025-05-30 11:51:04] INFO: GET /api/reports?campa%C3%B1aId=15 200 - 3ms
[2025-05-30 11:51:10] INFO: Reportes consultados (4) para campaña ID 2.
[2025-05-30 11:51:10] INFO: GET /api/reports?campa%C3%B1aId=2 200 - 5ms
[2025-05-30 11:52:39] INFO: GET /api/campanias 304 - 3ms
[2025-05-30 11:52:39] INFO: GET /api/campanias 304 - 5ms
[2025-05-30 11:52:49] INFO: CSV procesado: 30 contactos guardados.
[2025-05-30 11:52:49] INFO: Archivo CSV eliminado: uploads\1748616769077-contactos.csv
[2025-05-30 11:52:49] INFO: POST /api/upload-csv 200 - 418ms
[2025-05-30 11:52:49] INFO: GET /api/campanias 200 - 5ms
[2025-05-30 11:53:01] INFO: GET /api/status 304 - 1ms
[2025-05-30 11:53:01] INFO: GET /api/status 304 - 1ms
[2025-05-30 11:53:07] WARN: Sesión no válida para envío: session-1748613348184
[2025-05-30 11:53:07] WARN: POST /api/send-messages 400 - 2ms
[2025-05-30 11:53:09] INFO: GET /api/campanias 304 - 2ms
[2025-05-30 11:53:10] INFO: GET /api/status 304 - 1ms
[2025-05-30 11:53:10] INFO: GET /api/status 304 - 1ms
[2025-05-30 11:53:13] INFO: Todas las sesiones eliminadas.
[2025-05-30 11:53:13] INFO: DELETE /api/sessions/clear 200 - 23ms
[2025-05-30 11:53:13] INFO: GET /api/status 200 - 1ms
[2025-05-30 11:53:21] INFO: QR generado para session-1748616796156
[2025-05-30 11:53:21] INFO: GET /api/conectar 200 - 5658ms
[2025-05-30 11:53:23] INFO: GET /api/status/session-1748616796156 200 - 1ms
[2025-05-30 11:53:25] INFO: GET /api/status/session-1748616796156 304 - 1ms
[2025-05-30 11:53:27] INFO: GET /api/status/session-1748616796156 304 - 1ms
[2025-05-30 11:53:29] INFO: GET /api/status/session-1748616796156 304 - 1ms
[2025-05-30 11:53:31] INFO: GET /api/status/session-1748616796156 304 - 1ms
[2025-05-30 11:53:33] INFO: GET /api/status/session-1748616796156 304 - 0ms
[2025-05-30 11:53:35] INFO: GET /api/status/session-1748616796156 304 - 1ms
[2025-05-30 11:53:37] INFO: GET /api/status/session-1748616796156 304 - 0ms
[2025-05-30 11:53:39] INFO: GET /api/status/session-1748616796156 304 - 1ms
[2025-05-30 11:53:41] INFO: GET /api/status/session-1748616796156 304 - 0ms
[2025-05-30 11:53:43] INFO: GET /api/status/session-1748616796156 304 - 1ms
[2025-05-30 11:53:45] INFO: GET /api/status/session-1748616796156 304 - 1ms
[2025-05-30 11:53:47] INFO: GET /api/status/session-1748616796156 304 - 1ms
[2025-05-30 11:53:49] INFO: GET /api/status/session-1748616796156 304 - 1ms
[2025-05-30 11:53:51] INFO: GET /api/status/session-1748616796156 304 - 0ms
[2025-05-30 11:53:52] INFO: Sesión session-1748616796156 conectada como 5491155775452
[2025-05-30 11:53:53] INFO: GET /api/status/session-1748616796156 200 - 1ms
[2025-05-30 11:53:59] INFO: GET /api/campanias 304 - 3ms
[2025-05-30 11:53:59] INFO: GET /api/campanias 304 - 4ms
[2025-05-30 11:54:00] INFO: GET /api/status 200 - 1ms
[2025-05-30 11:54:00] INFO: GET /api/status 304 - 0ms
[2025-05-30 11:54:51] INFO: GET /api/campanias 304 - 3ms
[2025-05-30 11:54:54] INFO: GET /api/campanias 304 - 4ms
[2025-05-30 11:54:54] INFO: GET /api/campanias 304 - 3ms
[2025-05-30 11:55:06] INFO: GET /api/status 304 - 1ms
[2025-05-30 11:55:06] INFO: GET /api/status 304 - 1ms
[2025-05-30 11:55:57] INFO: GET /api/campanias 304 - 3ms
[2025-05-30 11:57:47] INFO: Campaña 19 finalizada. Mensajes enviados: 30/30
[2025-05-30 11:58:13] INFO: GET /api/campanias 200 - 3ms
[2025-05-30 11:58:13] INFO: GET /api/campanias 304 - 3ms
[2025-05-30 11:58:51] INFO: Campaña 19 finalizada. Mensajes enviados: 30/30
[2025-05-30 11:58:52] INFO: GET /api/campanias 200 - 3ms
[2025-05-30 11:58:52] INFO: GET /api/campanias 304 - 5ms
[2025-05-30 11:58:56] INFO: Reportes consultados (60) para campaña ID 19.
[2025-05-30 11:58:56] INFO: GET /api/reports?campa%C3%B1aId=19 200 - 5ms
[2025-05-30 11:59:10] INFO: GET /api/status 304 - 1ms
[2025-05-30 11:59:10] INFO: GET /api/status 304 - 0ms
[2025-05-30 11:59:21] INFO: GET /api/campanias 304 - 3ms
[2025-05-30 11:59:21] INFO: GET /api/campanias 304 - 3ms
[2025-05-30 12:00:09] INFO: GET /api/status 304 - 1ms
[2025-05-30 12:00:09] INFO: GET /api/status 304 - 0ms
[2025-05-30 12:00:15] INFO: GET /api/campanias 304 - 2ms
[2025-05-30 12:00:15] INFO: GET /api/campanias 304 - 2ms
[2025-05-30 12:00:15] INFO: GET /api/campanias 304 - 3ms
[2025-05-30 12:00:15] INFO: GET /api/campanias 304 - 4ms
[2025-05-30 12:00:21] INFO: GET /api/status 304 - 1ms
[2025-05-30 12:00:21] INFO: GET /api/status 304 - 1ms
[2025-05-30 12:00:24] INFO: GET /api/campanias 304 - 3ms
[2025-05-30 12:00:24] INFO: GET /api/campanias 304 - 3ms
[2025-05-30 12:00:41] INFO: GET /api/status 304 - 0ms
[2025-05-30 12:00:41] INFO: GET /api/status 304 - 1ms
[2025-05-30 12:01:36] INFO: GET /api/campanias 304 - 3ms
[2025-05-30 12:01:36] INFO: GET /api/campanias 304 - 3ms
[2025-05-30 12:01:59] INFO: GET /api/campanias 304 - 3ms
[2025-05-30 12:01:59] INFO: GET /api/campanias 304 - 3ms
[2025-05-30 12:11:35] INFO: GET /api/campanias 304 - 4ms
[2025-05-30 12:11:35] INFO: GET /api/campanias 304 - 3ms
[2025-05-30 12:11:46] INFO: CSV procesado: 19 contactos guardados.
[2025-05-30 12:11:46] INFO: Archivo CSV eliminado: uploads\1748617906791-contactos3.csv
[2025-05-30 12:11:46] INFO: POST /api/upload-csv 200 - 193ms
[2025-05-30 12:11:46] INFO: GET /api/campanias 200 - 4ms
[2025-05-30 12:11:55] INFO: GET /api/status 304 - 1ms
[2025-05-30 12:11:55] INFO: GET /api/status 304 - 1ms
[2025-05-30 12:13:28] INFO: Campaña 20 finalizada. Mensajes enviados: 19/19
[2025-05-30 12:13:28] INFO: POST /api/send-messages 200 - 87619ms
[2025-05-30 12:13:33] INFO: GET /api/campanias 200 - 4ms
[2025-05-30 12:14:26] INFO: GET /api/status 304 - 1ms
[2025-05-30 12:14:26] INFO: GET /api/status 304 - 1ms
[2025-05-30 12:14:42] INFO: GET /api/campanias 304 - 4ms
[2025-05-30 12:14:42] INFO: GET /api/campanias 304 - 4ms
[2025-05-30 12:14:46] INFO: GET /api/campanias 304 - 3ms
[2025-05-30 12:14:46] INFO: GET /api/campanias 304 - 3ms
[2025-05-30 12:44:57] INFO: GET /api/status 304 - 0ms
[2025-05-30 12:44:57] INFO: GET /api/status 304 - 0ms
[2025-05-30 12:45:01] INFO: GET /api/campanias 304 - 4ms
[2025-05-30 12:45:01] INFO: GET /api/campanias 304 - 3ms
[2025-05-30 13:15:31] INFO: GET /api/status 304 - 1ms
[2025-05-30 13:15:31] INFO: GET /api/status 304 - 0ms
[2025-05-30 13:16:58] INFO: GET /api/status 304 - 0ms
[2025-05-30 13:16:58] INFO: GET /api/status 304 - 0ms
[2025-05-30 13:17:39] INFO: QR generado para session-1748621852199
[2025-05-30 13:17:39] INFO: GET /api/conectar 200 - 7687ms
[2025-05-30 13:17:41] INFO: GET /api/status/session-1748621852199 200 - 1ms
[2025-05-30 13:17:43] INFO: GET /api/status/session-1748621852199 304 - 0ms
[2025-05-30 13:17:45] INFO: GET /api/status/session-1748621852199 304 - 1ms
[2025-05-30 13:17:47] INFO: GET /api/status/session-1748621852199 304 - 1ms
[2025-05-30 13:17:49] INFO: GET /api/status/session-1748621852199 304 - 0ms
[2025-05-30 13:17:51] INFO: GET /api/status/session-1748621852199 304 - 0ms
[2025-05-30 13:17:53] INFO: GET /api/status/session-1748621852199 304 - 0ms
[2025-05-30 13:17:55] INFO: GET /api/status/session-1748621852199 304 - 1ms
[2025-05-30 13:17:57] INFO: Sesión session-1748621852199 conectada como 5491160033165
[2025-05-30 13:17:57] INFO: GET /api/status/session-1748621852199 200 - 3ms
[2025-05-30 13:18:06] INFO: GET /api/status 200 - 0ms
[2025-05-30 13:18:06] INFO: GET /api/status 304 - 0ms
[2025-05-30 13:18:12] INFO: GET /api/campanias 304 - 2ms
[2025-05-30 13:18:12] INFO: GET /api/campanias 304 - 4ms
[2025-05-30 13:19:23] INFO: CSV procesado: 8 contactos guardados.
[2025-05-30 13:19:23] INFO: Archivo CSV eliminado: uploads\1748621963318-contactos2.csv
[2025-05-30 13:19:23] INFO: POST /api/upload-csv 200 - 148ms
[2025-05-30 13:19:23] INFO: GET /api/campanias 200 - 6ms
[2025-05-30 13:19:47] INFO: GET /api/status 304 - 1ms
[2025-05-30 13:19:47] INFO: GET /api/status 304 - 1ms
[2025-05-30 13:20:11] INFO: Campaña 21 finalizada. Mensajes enviados: 8/8
[2025-05-30 13:20:11] INFO: POST /api/send-messages 200 - 12298ms
[2025-05-30 13:20:28] INFO: GET /api/campanias 200 - 4ms
[2025-05-30 13:20:40] INFO: GET /api/campanias 304 - 3ms
[2025-05-30 13:20:40] INFO: GET /api/campanias 304 - 4ms
[2025-05-30 13:20:45] INFO: Reportes consultados (8) para campaña ID 21.
[2025-05-30 13:20:45] INFO: GET /api/reports?campa%C3%B1aId=21 200 - 3ms
[2025-05-30 13:21:08] INFO: GET /api/status 304 - 1ms
[2025-05-30 13:21:08] INFO: GET /api/status 304 - 1ms
[2025-05-30 13:21:50] INFO: GET /api/campanias 304 - 4ms
[2025-05-30 13:21:50] INFO: GET /api/campanias 304 - 4ms
[2025-05-30 13:21:54] INFO: GET /api/status 304 - 1ms
[2025-05-30 13:21:54] INFO: GET /api/status 304 - 1ms
[2025-05-30 13:22:27] INFO: GET /api/campanias 304 - 3ms
[2025-05-30 13:22:27] INFO: GET /api/campanias 304 - 4ms
[2025-05-30 13:22:36] INFO: CSV procesado: 8 contactos guardados.
[2025-05-30 13:22:36] INFO: Archivo CSV eliminado: uploads\1748622156368-contactos2.csv
[2025-05-30 13:22:36] INFO: POST /api/upload-csv 200 - 113ms
[2025-05-30 13:22:36] INFO: GET /api/campanias 200 - 8ms
[2025-05-30 13:22:38] INFO: GET /api/status 304 - 0ms
[2025-05-30 13:22:38] INFO: GET /api/status 304 - 0ms
[2025-05-30 13:23:39] INFO: GET /api/campanias 304 - 4ms
[2025-05-30 13:25:16] INFO: GET /api/status 304 - 1ms
[2025-05-30 13:25:16] INFO: GET /api/status 304 - 1ms
[2025-05-30 13:26:03] INFO: GET /api/campanias 304 - 5ms
[2025-05-30 13:26:03] INFO: GET /api/campanias 304 - 4ms
[2025-05-30 13:26:05] INFO: GET /api/status 304 - 0ms
[2025-05-30 13:26:05] INFO: GET /api/status 304 - 0ms
[2025-05-30 13:26:08] INFO: GET /api/campanias 304 - 3ms
[2025-05-30 13:27:31] INFO: GET /api/status 304 - 2ms
[2025-05-30 13:40:25] INFO: GET /api/status 304 - 0ms
[2025-05-30 13:41:03] INFO: Servidor backend corriendo en http://localhost:3001
[2025-05-30 13:41:06] INFO: GET /api/campanias 200 - 11ms
[2025-05-30 13:41:06] INFO: GET /api/campanias 304 - 8ms
[2025-05-30 13:41:07] INFO: GET /api/status 200 - 1ms
[2025-05-30 13:41:07] INFO: GET /api/status 304 - 0ms
[2025-05-30 13:41:16] INFO: Sesión session-1748616796156 reconectada y lista.
[2025-05-30 13:41:18] INFO: Sesiones activas cargadas correctamente.
[2025-05-30 13:41:19] INFO: GET /api/campanias 304 - 4ms
[2025-05-30 13:41:20] INFO: Sesión session-1748621852199 reconectada y lista.
[2025-05-30 13:41:24] INFO: GET /api/status 200 - 2ms
[2025-05-30 13:41:24] INFO: GET /api/status 304 - 0ms
[2025-05-30 13:41:26] INFO: GET /api/campanias 304 - 3ms
[2025-05-30 13:41:26] INFO: GET /api/campanias 304 - 3ms
[2025-05-30 13:41:27] INFO: GET /api/status 304 - 0ms
[2025-05-30 13:41:27] INFO: GET /api/status 304 - 0ms
[2025-05-30 13:41:30] INFO: GET /api/campanias 304 - 4ms
[2025-05-30 13:41:30] INFO: GET /api/campanias 304 - 5ms
[2025-05-30 13:41:31] INFO: GET /api/status 304 - 1ms
[2025-05-30 13:41:31] INFO: GET /api/status 304 - 1ms
[2025-05-30 13:41:33] INFO: GET /api/campanias 304 - 3ms
[2025-05-30 13:41:34] INFO: GET /api/status 304 - 0ms
[2025-05-30 13:41:34] INFO: GET /api/status 304 - 0ms
[2025-05-30 13:43:50] INFO: GET /api/campanias 304 - 5ms
[2025-05-30 13:43:50] INFO: GET /api/campanias 304 - 3ms
[2025-05-30 13:43:51] INFO: GET /api/status 304 - 0ms
[2025-05-30 13:43:51] INFO: GET /api/status 304 - 0ms
[2025-05-30 13:44:18] INFO: GET /api/campanias 304 - 3ms
[2025-05-30 13:48:07] INFO: Servidor backend corriendo en http://localhost:3001
[2025-05-30 13:48:07] ERROR: Error cargando sesiones activas: Cannot read properties of undefined (reading 'wid')
[2025-05-30 13:49:24] INFO: Servidor backend corriendo en http://localhost:3001
[2025-05-30 13:49:28] INFO: GET /api/status 200 - 3ms
[2025-05-30 13:49:28] INFO: GET /api/status 304 - 1ms
[2025-05-30 13:49:31] INFO: GET /api/status 200 - 1ms
[2025-05-30 13:49:31] INFO: GET /api/status 304 - 2ms
[2025-05-30 13:49:32] INFO: GET /api/status 304 - 2ms
[2025-05-30 13:49:32] INFO: GET /api/status 304 - 1ms
[2025-05-30 13:49:32] INFO: GET /api/status 304 - 1ms
[2025-05-30 13:49:32] INFO: GET /api/status 304 - 1ms
[2025-05-30 13:49:33] INFO: GET /api/status 304 - 2ms
[2025-05-30 13:49:33] INFO: GET /api/status 304 - 1ms
[2025-05-30 13:49:34] INFO: Sesión session-1748616796156 reconectada y lista.
[2025-05-30 13:49:36] INFO: GET /api/status 200 - 2ms
[2025-05-30 13:49:36] INFO: GET /api/status 304 - 2ms
[2025-05-30 13:49:37] INFO: GET /api/status 304 - 1ms
[2025-05-30 13:49:37] INFO: GET /api/status 304 - 1ms
[2025-05-30 13:49:38] INFO: GET /api/status 304 - 1ms
[2025-05-30 13:49:38] INFO: GET /api/status 304 - 4ms
[2025-05-30 13:49:38] INFO: Sesiones activas cargadas correctamente.
[2025-05-30 13:49:38] INFO: GET /api/status 304 - 2ms
[2025-05-30 13:49:38] INFO: GET /api/status 304 - 1ms
[2025-05-30 13:49:39] INFO: GET /api/status 304 - 1ms
[2025-05-30 13:49:39] INFO: GET /api/status 304 - 2ms
[2025-05-30 13:49:40] INFO: GET /api/status 304 - 1ms
[2025-05-30 13:49:40] INFO: GET /api/status 304 - 0ms
[2025-05-30 13:49:40] INFO: Sesión session-1748621852199 reconectada y lista.
[2025-05-30 13:49:40] INFO: GET /api/status 200 - 1ms
[2025-05-30 13:49:40] INFO: GET /api/status 304 - 1ms
[2025-05-30 13:51:57] INFO: Servidor backend corriendo en http://localhost:3001
[2025-05-30 13:51:57] INFO: GET /api/status 200 - 4ms
[2025-05-30 13:52:00] INFO: GET /api/status 304 - 2ms
[2025-05-30 13:52:00] INFO: GET /api/status 304 - 2ms
[2025-05-30 13:52:01] INFO: GET /api/status 304 - 1ms
[2025-05-30 13:52:01] INFO: GET /api/status 304 - 2ms
[2025-05-30 13:52:01] INFO: GET /api/status 304 - 1ms
[2025-05-30 13:52:01] INFO: GET /api/status 304 - 1ms
[2025-05-30 13:52:02] INFO: GET /api/status 304 - 1ms
[2025-05-30 13:52:02] INFO: GET /api/status 304 - 0ms
[2025-05-30 13:52:02] INFO: GET /api/status 304 - 1ms
[2025-05-30 13:52:02] INFO: GET /api/status 304 - 1ms
[2025-05-30 13:52:02] INFO: GET /api/status 304 - 1ms
[2025-05-30 13:52:02] INFO: GET /api/status 304 - 1ms
[2025-05-30 13:52:03] INFO: GET /api/status 200 - 1ms
[2025-05-30 13:52:03] INFO: GET /api/status 304 - 1ms
[2025-05-30 13:52:04] INFO: GET /api/status 304 - 1ms
[2025-05-30 13:52:04] INFO: GET /api/status 304 - 1ms
[2025-05-30 13:52:04] INFO: GET /api/status 304 - 2ms
[2025-05-30 13:52:04] INFO: GET /api/status 304 - 2ms
[2025-05-30 13:52:05] INFO: GET /api/status 304 - 1ms
[2025-05-30 13:52:05] INFO: GET /api/status 304 - 1ms
[2025-05-30 13:52:05] INFO: GET /api/status 304 - 1ms
[2025-05-30 13:52:05] INFO: GET /api/status 304 - 1ms
[2025-05-30 13:52:06] INFO: GET /api/status 304 - 1ms
[2025-05-30 13:52:06] INFO: GET /api/status 304 - 1ms
[2025-05-30 13:52:07] INFO: GET /api/status 304 - 0ms
[2025-05-30 13:52:07] INFO: GET /api/status 304 - 2ms
[2025-05-30 13:52:07] INFO: GET /api/status 304 - 1ms
[2025-05-30 13:52:07] INFO: GET /api/status 304 - 0ms
[2025-05-30 13:52:07] INFO: GET /api/status 304 - 1ms
[2025-05-30 13:52:07] INFO: GET /api/status 304 - 0ms
[2025-05-30 13:52:07] INFO: GET /api/status 304 - 2ms
[2025-05-30 13:52:07] INFO: GET /api/status 304 - 1ms
[2025-05-30 13:52:08] INFO: GET /api/status 304 - 1ms
[2025-05-30 13:52:08] INFO: GET /api/status 304 - 1ms
[2025-05-30 13:52:08] INFO: Sesión session-1748616796156 reconectada y lista.
[2025-05-30 13:52:11] INFO: Sesiones activas cargadas correctamente.
[2025-05-30 13:52:11] INFO: GET /api/status 200 - 2ms
[2025-05-30 13:52:11] INFO: GET /api/status 304 - 1ms
[2025-05-30 13:52:12] INFO: Sesión session-1748621852199 reconectada y lista.
[2025-05-30 13:52:13] INFO: GET /api/status 200 - 1ms
[2025-05-30 13:52:13] INFO: GET /api/status 304 - 1ms
[2025-05-30 13:52:21] INFO: GET /api/campanias 304 - 4ms
[2025-05-30 13:52:21] INFO: GET /api/campanias 304 - 4ms
[2025-05-30 13:52:22] INFO: GET /api/status 304 - 1ms
[2025-05-30 13:52:22] INFO: GET /api/status 304 - 0ms
[2025-05-30 13:52:39] INFO: GET /api/campanias 304 - 3ms
[2025-05-30 13:52:39] INFO: GET /api/status 304 - 0ms
[2025-05-30 13:53:50] INFO: Iniciando envío de campaña 22 con 8 contactos usando 2 sesiones
[2025-05-30 13:53:56] INFO: Campaña 22 completada. Mensajes enviados: 8/8
[2025-05-30 13:53:56] INFO: POST /api/send-messages 200 - 6742ms
[2025-05-30 13:55:47] INFO: Servidor backend corriendo en http://localhost:3001
[2025-05-30 13:55:57] INFO: Sesión session-1748616796156 reconectada y lista.
[2025-05-30 13:56:00] INFO: Sesiones activas cargadas correctamente.
[2025-05-30 13:56:01] INFO: Sesión session-1748621852199 reconectada y lista.
[2025-05-30 13:56:46] INFO: GET /api/campanias 200 - 8ms
[2025-05-30 13:57:00] INFO: GET /api/campanias 304 - 5ms
[2025-05-30 13:57:00] INFO: GET /api/campanias 304 - 5ms
[2025-05-30 13:57:11] INFO: Reportes consultados (8) para campaña ID 22.
[2025-05-30 13:57:11] INFO: GET /api/reports?campa%C3%B1aId=22 200 - 3ms
[2025-05-30 13:58:35] INFO: GET /api/campanias 304 - 4ms
[2025-05-30 13:58:35] INFO: GET /api/campanias 304 - 4ms
[2025-05-30 13:58:38] INFO: Reportes consultados (6) para campaña ID 1.
[2025-05-30 13:58:38] INFO: GET /api/reports?campa%C3%B1aId=1 304 - 6ms
[2025-05-30 13:58:57] INFO: GET /api/status 304 - 0ms
[2025-05-30 13:58:57] INFO: GET /api/status 304 - 1ms
[2025-05-30 13:59:11] INFO: GET /api/status 304 - 1ms
[2025-05-30 13:59:11] INFO: GET /api/status 304 - 0ms
[2025-05-30 13:59:12] INFO: GET /api/campanias 304 - 4ms
[2025-05-30 13:59:12] INFO: GET /api/campanias 304 - 5ms
[2025-05-30 13:59:36] INFO: GET /api/status 304 - 1ms
[2025-05-30 13:59:36] INFO: GET /api/status 304 - 1ms
[2025-05-30 13:59:41] INFO: GET /api/campanias 304 - 3ms
[2025-05-30 13:59:41] INFO: GET /api/campanias 304 - 4ms
[2025-05-30 14:01:45] INFO: GET /api/status 304 - 1ms
[2025-05-30 14:01:45] INFO: GET /api/status 304 - 1ms
[2025-05-30 14:01:58] INFO: GET /api/campanias 304 - 3ms
[2025-05-30 14:01:58] INFO: GET /api/campanias 304 - 3ms
[2025-05-30 14:02:04] INFO: GET /api/campanias 304 - 4ms
[2025-05-30 14:02:04] INFO: GET /api/campanias 304 - 5ms
[2025-05-30 14:02:07] INFO: Reportes consultados (8) para campaña ID 21.
[2025-05-30 14:02:07] INFO: GET /api/reports?campa%C3%B1aId=21 304 - 3ms
[2025-05-30 14:02:20] INFO: Reportes consultados (4) para campaña ID 2.
[2025-05-30 14:02:20] INFO: GET /api/reports?campa%C3%B1aId=2 304 - 2ms
[2025-05-30 14:02:24] INFO: Reportes consultados (2) para campaña ID 16.
[2025-05-30 14:02:24] INFO: GET /api/reports?campa%C3%B1aId=16 200 - 3ms
[2025-05-30 14:09:53] INFO: GET /api/status 304 - 1ms
[2025-05-30 14:09:53] INFO: GET /api/status 304 - 1ms
[2025-05-30 14:29:06] INFO: GET /api/campanias 304 - 7ms
[2025-05-30 14:29:06] INFO: GET /api/campanias 304 - 5ms
[2025-05-30 14:29:08] INFO: GET /api/status 304 - 1ms
[2025-05-30 14:29:08] INFO: GET /api/status 304 - 0ms
[2025-05-30 14:29:11] INFO: GET /api/campanias 304 - 3ms
[2025-05-30 14:29:11] INFO: GET /api/campanias 304 - 5ms
[2025-05-30 14:29:11] INFO: GET /api/campanias 304 - 4ms
[2025-05-30 14:29:11] INFO: GET /api/campanias 304 - 4ms
[2025-05-30 14:29:13] INFO: GET /api/campanias 304 - 3ms
[2025-05-30 14:29:13] INFO: GET /api/campanias 304 - 3ms
[2025-05-30 14:30:21] INFO: GET /api/status 304 - 0ms
[2025-05-30 14:30:21] INFO: GET /api/status 304 - 1ms
